

HI-TECH Software PIC LITE Macro Assembler V9.81 build 7503 
                                                                                               Thu Jan 11 23:17:11 2024

HI-TECH Software Omniscient Code Generator (Lite mode) build 7503
     1  0000                     opt subtitle "HI-TECH Software Omniscient Code Generator (Lite mode) build 7503"
     2                           
     3                           opt pagewidth 120
     4                           
     5                           	opt lm
     6                           
     7                           	processor	16F887
     8                           clrc	macro
     9                           	bcf	3,0
    10  0000                     	endm
    11                           clrz	macro
    12                           	bcf	3,2
    13  0000                     	endm
    14                           setc	macro
    15                           	bsf	3,0
    16  0000                     	endm
    17                           setz	macro
    18                           	bsf	3,2
    19  0000                     	endm
    20                           skipc	macro
    21                           	btfss	3,0
    22  0000                     	endm
    23                           skipz	macro
    24                           	btfss	3,2
    25  0000                     	endm
    26                           skipnc	macro
    27                           	btfsc	3,0
    28  0000                     	endm
    29                           skipnz	macro
    30                           	btfsc	3,2
    31  0000                     	endm
    32  0000                     indf	equ	0
    33  0000                     indf0	equ	0
    34  0002                     pc	equ	2
    35  0002                     pcl	equ	2
    36  0003                     status	equ	3
    37  0004                     fsr	equ	4
    38  0004                     fsr0	equ	4
    39  0001                     c	equ	1
    40  0000                     z	equ	0
    41  000A                     pclath	equ	10
    42                           	FNROOT	_main
    43                           	global	_s
    44                           psect	idataCOMMON,class=CODE,space=0,delta=2
    45                           global __pidataCOMMON
    46  0756                     __pidataCOMMON:
    47                           	file	"D:\pic\PIC programs\PIC16f887\7segment\7 segment cc\one 7 segment\one 7segment.c"
    48                           	line	7
    49                           
    50                           ;initializer for _s
    51  0756  343F               	retlw	03Fh
    52  0757  3406               	retlw	06h
    53  0758  345B               	retlw	05Bh
    54  0759  344F               	retlw	04Fh
    55  075A  3466               	retlw	066h
    56  075B  346D               	retlw	06Dh
    57  075C  347D               	retlw	07Dh
    58  075D  3407               	retlw	07h
    59  075E  347F               	retlw	07Fh
    60  075F  346F               	retlw	06Fh
    61                           	global	_i
    62                           	global	_PORTC
    63  0007                     _PORTC	set	7
    64                           	global	_RA0
    65  0028                     _RA0	set	40
    66                           	global	_TRISC
    67  0087                     _TRISC	set	135
    68                           	global	_TRISA0
    69  0428                     _TRISA0	set	1064
    70                           	global	_ANSEL
    71  0188                     _ANSEL	set	392
    72                           	global	_ANSELH
    73  0189                     _ANSELH	set	393
    74                           	file	"one 7segment.as"
    75                           	line	#
    76                           psect cinit,class=CODE,delta=2
    77                           global start_initialization
    78  0771                     start_initialization:
    79                           
    80                           psect	bssCOMMON,class=COMMON,space=1
    81                           global __pbssCOMMON
    82  007A                     __pbssCOMMON:
    83  007A                     _i:
    84  007A                            ds      2
    85                           
    86                           psect	dataCOMMON,class=COMMON,space=1
    87                           global __pdataCOMMON
    88  0070                     __pdataCOMMON:
    89                           	file	"D:\pic\PIC programs\PIC16f887\7segment\7 segment cc\one 7 segment\one 7segment.c"
    90  0070                     _s:
    91  0070                            ds      10
    92                           
    93                           ; Clear objects allocated to COMMON
    94                           psect cinit,class=CODE,delta=2
    95  0771  01FA               	clrf	((__pbssCOMMON)+0)&07Fh
    96  0772  01FB               	clrf	((__pbssCOMMON)+1)&07Fh
    97                           global btemp
    98                           psect inittext,class=CODE,delta=2
    99                           global init_fetch,btemp
   100                           ;	Called with low address in FSR and high address in W
   101  0760                     init_fetch:
   102  0760  087E               	movf btemp,w
   103  0761  008A               	movwf pclath
   104  0762  087F               	movf btemp+1,w
   105  0763  0082               	movwf pc
   106                           global init_ram
   107                           ;Called with:
   108                           ;	high address of idata address in btemp 
   109                           ;	low address of idata address in btemp+1 
   110                           ;	low address of data in FSR
   111                           ;	high address + 1 of data in btemp-1
   112  0764                     init_ram:
   113  0764  2760  120A  118A   	fcall init_fetch
   114  0767  0080               	movwf indf,f
   115  0768  0A84               	incf fsr,f
   116  0769  0804               	movf fsr,w
   117  076A  067D               	xorwf btemp-1,w
   118  076B  1903               	btfsc status,2
   119  076C  3400               	retlw 0
   120  076D  0AFF               	incf btemp+1,f
   121  076E  1903               	btfsc status,2
   122  076F  0AFE               	incf btemp,f
   123  0770  2F64               	goto init_ram
   124                           ; Initialize objects allocated to COMMON
   125                           	global __pidataCOMMON
   126                           psect cinit,class=CODE,delta=2
   127  0773  120A  118A  2756   	fcall	__pidataCOMMON+0		;fetch initializer
              120A  118A         
   128  0778  00F0               	movwf	__pdataCOMMON+0&07fh		
   129  0779  120A  118A  2757   	fcall	__pidataCOMMON+1		;fetch initializer
              120A  118A         
   130  077E  00F1               	movwf	__pdataCOMMON+1&07fh		
   131  077F  120A  118A  2758   	fcall	__pidataCOMMON+2		;fetch initializer
              120A  118A         
   132  0784  00F2               	movwf	__pdataCOMMON+2&07fh		
   133  0785  120A  118A  2759   	fcall	__pidataCOMMON+3		;fetch initializer
              120A  118A         
   134  078A  00F3               	movwf	__pdataCOMMON+3&07fh		
   135  078B  120A  118A  275A   	fcall	__pidataCOMMON+4		;fetch initializer
              120A  118A         
   136  0790  00F4               	movwf	__pdataCOMMON+4&07fh		
   137  0791  120A  118A  275B   	fcall	__pidataCOMMON+5		;fetch initializer
              120A  118A         
   138  0796  00F5               	movwf	__pdataCOMMON+5&07fh		
   139  0797  120A  118A  275C   	fcall	__pidataCOMMON+6		;fetch initializer
              120A  118A         
   140  079C  00F6               	movwf	__pdataCOMMON+6&07fh		
   141  079D  120A  118A  275D   	fcall	__pidataCOMMON+7		;fetch initializer
              120A  118A         
   142  07A2  00F7               	movwf	__pdataCOMMON+7&07fh		
   143  07A3  120A  118A  275E   	fcall	__pidataCOMMON+8		;fetch initializer
              120A  118A         
   144  07A8  00F8               	movwf	__pdataCOMMON+8&07fh		
   145  07A9  120A  118A  275F   	fcall	__pidataCOMMON+9		;fetch initializer
              120A  118A         
   146  07AE  00F9               	movwf	__pdataCOMMON+9&07fh		
   147                           psect cinit,class=CODE,delta=2
   148                           global end_of_initialization
   149                           
   150                           ;End of C runtime variable initialization code
   151                           
   152  07AF                     end_of_initialization:
   153  07AF  0183               clrf status
   154  07B0  120A  118A  2FB3   ljmp _main	;jump to C main() function
   155                           psect	cstackCOMMON,class=COMMON,space=1
   156                           global __pcstackCOMMON
   157  007C                     __pcstackCOMMON:
   158                           	global	?_main
   159  007C                     ?_main:	; 0 bytes @ 0x0
   160                           	global	??_main
   161  007C                     ??_main:	; 0 bytes @ 0x0
   162  007C                     	ds	2
   163 ;;Data sizes: Strings 0, constant 0, data 10, bss 2, persistent 0 stack 0
   164 ;;Auto spaces:   Size  Autos    Used
   165 ;; COMMON          14      2      14
   166 ;; BANK0           80      0       0
   167 ;; BANK1           80      0       0
   168 ;; BANK3           96      0       0
   169 ;; BANK2           96      0       0
   170                           
   171 ;;
   172 ;; Pointer list with targets:
   173                           
   174                           
   175                           
   176 ;;
   177 ;; Critical Paths under _main in COMMON
   178 ;;
   179 ;;   None.
   180 ;;
   181 ;; Critical Paths under _main in BANK0
   182 ;;
   183 ;;   None.
   184 ;;
   185 ;; Critical Paths under _main in BANK1
   186 ;;
   187 ;;   None.
   188 ;;
   189 ;; Critical Paths under _main in BANK3
   190 ;;
   191 ;;   None.
   192 ;;
   193 ;; Critical Paths under _main in BANK2
   194 ;;
   195 ;;   None.
   196                           
   197 ;;
   198 ;;Main: autosize = 0, tempsize = 2, incstack = 0, save=0
   199 ;;
   200                           
   201 ;;
   202 ;;Call Graph Tables:
   203 ;;
   204 ;; ---------------------------------------------------------------------------------
   205 ;; (Depth) Function   	        Calls       Base Space   Used Autos Params    Refs
   206 ;; ---------------------------------------------------------------------------------
   207 ;; (0) _main                                                 2     2      0       0
   208 ;;                                              0 COMMON     2     2      0
   209 ;; ---------------------------------------------------------------------------------
   210 ;; Estimated maximum stack depth 0
   211 ;; ---------------------------------------------------------------------------------
   212                           
   213 ;; Call Graph Graphs:
   214                           
   215 ;; _main (ROOT)
   216 ;;
   217                           
   218 ;; Address spaces:
   219                           
   220 ;;Name               Size   Autos  Total    Cost      Usage
   221 ;;BANK3               60      0       0       9        0.0%
   222 ;;BITBANK3            60      0       0       8        0.0%
   223 ;;SFR3                 0      0       0       4        0.0%
   224 ;;BITSFR3              0      0       0       4        0.0%
   225 ;;BANK2               60      0       0      11        0.0%
   226 ;;BITBANK2            60      0       0      10        0.0%
   227 ;;SFR2                 0      0       0       5        0.0%
   228 ;;BITSFR2              0      0       0       5        0.0%
   229 ;;SFR1                 0      0       0       2        0.0%
   230 ;;BITSFR1              0      0       0       2        0.0%
   231 ;;BANK1               50      0       0       7        0.0%
   232 ;;BITBANK1            50      0       0       6        0.0%
   233 ;;CODE                 0      0       0       0        0.0%
   234 ;;DATA                 0      0       E      12        0.0%
   235 ;;ABS                  0      0       E       3        0.0%
   236 ;;NULL                 0      0       0       0        0.0%
   237 ;;STACK                0      0       0       2        0.0%
   238 ;;BANK0               50      0       0       5        0.0%
   239 ;;BITBANK0            50      0       0       4        0.0%
   240 ;;SFR0                 0      0       0       1        0.0%
   241 ;;BITSFR0              0      0       0       1        0.0%
   242 ;;COMMON               E      2       E       1      100.0%
   243 ;;BITCOMMON            E      0       0       0        0.0%
   244 ;;EEDATA             100      0       0       0        0.0%
   245                           
   246                           	global	_main
   247                           psect	maintext,global,class=CODE,delta=2
   248                           global __pmaintext
   249  07B3                     __pmaintext:
   250                           
   251 ;; *************** function _main *****************
   252 ;; Defined at:
   253 ;;		line 13 in file "D:\pic\PIC programs\PIC16f887\7segment\7 segment cc\one 7 segment\one 7segment.c"
   254 ;; Parameters:    Size  Location     Type
   255 ;;		None
   256 ;; Auto vars:     Size  Location     Type
   257 ;;		None
   258 ;; Return value:  Size  Location     Type
   259 ;;		None               void
   260 ;; Registers used:
   261 ;;		wreg, fsr0l, fsr0h, status,2, status,0, btemp+1
   262 ;; Tracked objects:
   263 ;;		On entry : 17F/0
   264 ;;		On exit  : 0/0
   265 ;;		Unchanged: 0/0
   266 ;; Data sizes:     COMMON   BANK0   BANK1   BANK3   BANK2
   267 ;;      Params:         0       0       0       0       0
   268 ;;      Locals:         0       0       0       0       0
   269 ;;      Temps:          2       0       0       0       0
   270 ;;      Totals:         2       0       0       0       0
   271 ;;Total ram usage:        2 bytes
   272 ;; This function calls:
   273 ;;		Nothing
   274 ;; This function is called by:
   275 ;;		Startup code after reset
   276 ;; This function uses a non-reentrant model
   277 ;;
   278                           psect	maintext
   279                           	file	"D:\pic\PIC programs\PIC16f887\7segment\7 segment cc\one 7 segment\one 7segment.c"
   280                           	line	13
   281                           	global	__size_of_main
   282  004D                     	__size_of_main	equ	__end_of_main-_main
   283                           	
   284  07B3                     _main:	
   285                           	opt	stack 8
   286                           ; Regs used in _main: [wreg-fsr0h+status,2+status,0+btemp+1]
   287                           	line	14
   288                           	
   289  07B3                     l2177:	
   290                           ;one 7segment.c: 14: TRISA0=1;
   291  07B3  1683               	bsf	status, 5	;RP0=1, select bank1
   292  07B4  1303               	bcf	status, 6	;RP1=0, select bank1
   293  07B5  1405               	bsf	(1064/8)^080h,(1064)&7
   294                           	line	15
   295                           	
   296  07B6                     l2179:	
   297                           ;one 7segment.c: 15: TRISC=0x00;
   298  07B6  0187               	clrf	(135)^080h	;volatile
   299                           	line	16
   300                           ;one 7segment.c: 16: PORTC=0x00;
   301  07B7  1283               	bcf	status, 5	;RP0=0, select bank0
   302  07B8  1303               	bcf	status, 6	;RP1=0, select bank0
   303  07B9  0187               	clrf	(7)	;volatile
   304                           	line	17
   305                           ;one 7segment.c: 17: ANSEL=ANSELH=0;
   306  07BA  1683               	bsf	status, 5	;RP0=1, select bank3
   307  07BB  1703               	bsf	status, 6	;RP1=1, select bank3
   308  07BC  0189               	clrf	(393)^0180h	;volatile
   309  07BD  0188               	clrf	(392)^0180h	;volatile
   310  07BE  2FC0               	goto	l1032
   311                           	line	19
   312                           ;one 7segment.c: 19: while(1)
   313                           	
   314  07BF                     l1031:	
   315                           	line	21
   316                           ;one 7segment.c: 20: {
   317                           ;one 7segment.c: 21: while(RA0==0);
   318  07BF  2FC0               	goto	l1032
   319                           	
   320  07C0                     l1033:	
   321                           	
   322  07C0                     l1032:	
   323  07C0  1283               	bcf	status, 5	;RP0=0, select bank0
   324  07C1  1303               	bcf	status, 6	;RP1=0, select bank0
   325  07C2  1C05               	btfss	(40/8),(40)&7
   326  07C3  2FC5               	goto	u2141
   327  07C4  2FC6               	goto	u2140
   328  07C5                     u2141:
   329  07C5  2FC0               	goto	l1032
   330  07C6                     u2140:
   331  07C6  2FC7               	goto	l2181
   332                           	
   333  07C7                     l1034:	
   334                           	line	22
   335                           	
   336  07C7                     l2181:	
   337                           ;one 7segment.c: 22: if(i>9)
   338  07C7  087B               	movf	(_i+1),w
   339  07C8  3A80               	xorlw	80h
   340  07C9  00FF               	movwf	btemp+1
   341  07CA  3080               	movlw	(high(0Ah))^80h
   342  07CB  027F               	subwf	btemp+1,w
   343  07CC  1D03               	skipz
   344  07CD  2FD0               	goto	u2155
   345  07CE  300A               	movlw	low(0Ah)
   346  07CF  027A               	subwf	(_i),w
   347  07D0                     u2155:
   348                           
   349  07D0  1C03               	skipc
   350  07D1  2FD3               	goto	u2151
   351  07D2  2FD4               	goto	u2150
   352  07D3                     u2151:
   353  07D3  2FDE               	goto	l2187
   354  07D4                     u2150:
   355                           	line	24
   356                           	
   357  07D4                     l2183:	
   358                           ;one 7segment.c: 23: {
   359                           ;one 7segment.c: 24: i=0;
   360  07D4  01FA               	clrf	(_i)
   361  07D5  01FB               	clrf	(_i+1)
   362                           	line	25
   363                           	
   364  07D6                     l2185:	
   365                           ;one 7segment.c: 25: PORTC=s[i];
   366  07D6  087A               	movf	(_i),w
   367  07D7  3E70               	addlw	_s&0ffh
   368  07D8  0084               	movwf	fsr0
   369  07D9  0800               	movf	indf,w
   370  07DA  1283               	bcf	status, 5	;RP0=0, select bank0
   371  07DB  1303               	bcf	status, 6	;RP1=0, select bank0
   372  07DC  0087               	movwf	(7)	;volatile
   373                           	line	26
   374                           ;one 7segment.c: 26: }
   375  07DD  2FE6               	goto	l2189
   376                           	line	27
   377                           	
   378  07DE                     l1035:	
   379                           	line	28
   380                           	
   381  07DE                     l2187:	
   382                           ;one 7segment.c: 27: else
   383                           ;one 7segment.c: 28: PORTC=s[i];
   384  07DE  087A               	movf	(_i),w
   385  07DF  3E70               	addlw	_s&0ffh
   386  07E0  0084               	movwf	fsr0
   387  07E1  0800               	movf	indf,w
   388  07E2  1283               	bcf	status, 5	;RP0=0, select bank0
   389  07E3  1303               	bcf	status, 6	;RP1=0, select bank0
   390  07E4  0087               	movwf	(7)	;volatile
   391  07E5  2FE6               	goto	l2189
   392                           	
   393  07E6                     l1036:	
   394                           	line	30
   395                           	
   396  07E6                     l2189:	
   397                           ;one 7segment.c: 30: i++;
   398  07E6  3001               	movlw	low(01h)
   399  07E7  07FA               	addwf	(_i),f
   400  07E8  1803               	skipnc
   401  07E9  0AFB               	incf	(_i+1),f
   402  07EA  3000               	movlw	high(01h)
   403  07EB  07FB               	addwf	(_i+1),f
   404                           	line	31
   405                           ;one 7segment.c: 31: while(RA0==1);
   406  07EC  2FED               	goto	l1037
   407                           	
   408  07ED                     l1038:	
   409                           	
   410  07ED                     l1037:	
   411  07ED  1805               	btfsc	(40/8),(40)&7
   412  07EE  2FF0               	goto	u2161
   413  07EF  2FF1               	goto	u2160
   414  07F0                     u2161:
   415  07F0  2FED               	goto	l1037
   416  07F1                     u2160:
   417  07F1  2FF2               	goto	l2191
   418                           	
   419  07F2                     l1039:	
   420                           	line	32
   421                           	
   422  07F2                     l2191:	
   423                           ;one 7segment.c: 32: _delay((unsigned long)((10)*(4000000/4000.0)));
   424                           	opt asmopt_off
   425  07F2  300D               movlw	13
   426  07F3  00FD               movwf	((??_main+0)+0+1),f
   427  07F4  30FB               	movlw	251
   428  07F5  00FC               movwf	((??_main+0)+0),f
   429  07F6                     u2177:
   430  07F6  0BFC               	decfsz	((??_main+0)+0),f
   431  07F7  2FF6               	goto	u2177
   432  07F8  0BFD               	decfsz	((??_main+0)+0+1),f
   433  07F9  2FF6               	goto	u2177
   434  07FA  2FFB               	nop2
   435                           opt asmopt_on
   436                           
   437  07FB  2FC0               	goto	l1032
   438                           	line	33
   439                           	
   440  07FC                     l1040:	
   441                           	line	19
   442  07FC  2FC0               	goto	l1032
   443                           	
   444  07FD                     l1041:	
   445                           	line	35
   446                           	
   447  07FD                     l1042:	
   448                           	global	start
   449  07FD  120A  118A  2800   	ljmp	start
   450                           	opt stack 0
   451                           GLOBAL	__end_of_main
   452  0800                     	__end_of_main:
   453 ;; =============== function _main ends ============
   454                           
   455                           	signat	_main,88
   456                           psect	maintext
   457                           	global	btemp
   458  007E                     	btemp set 07Eh
   459                           
   460                           	DABS	1,126,2	;btemp
   461                           	global	wtemp0
   462  007E                     	wtemp0 set btemp


HI-TECH Software PICC Macro Assembler V9.81 build 7503 
Symbol Table                                                                                   Thu Jan 11 23:17:11 2024

                   _i 007A                     _s 0070                     pc 0002                    fsr 0004  
                 _RA0 0028                   fsr0 0004                   indf 0000                  l1031 07BF  
                l1040 07FC                  l1032 07C0                  l1041 07FD                  l1033 07C0  
                l1042 07FD                  l1034 07C7                  l1035 07DE                  l1036 07E6  
                l1037 07ED                  l1038 07ED                  l1039 07F2                  l2181 07C7  
                l2191 07F2                  l2183 07D4                  l2185 07D6                  l2177 07B3  
                l2187 07DE                  l2179 07B6                  l2189 07E6                  u2140 07C6  
                u2141 07C5                  u2150 07D4                  u2151 07D3                  u2160 07F1  
                u2161 07F0                  u2155 07D0                  u2177 07F6                  _main 07B3  
                btemp 007E                  start 0000                 ?_main 007C                 _ANSEL 0188  
               _PORTC 0007                 _TRISC 0087                 pclath 000A                 status 0003  
               wtemp0 007E          __end_of_main 0800                ??_main 007C                _ANSELH 0189  
              _TRISA0 0428          __pdataCOMMON 0070        __pcstackCOMMON 007C            __pmaintext 07B3  
end_of_initialization 07AF               init_ram 0764         __pidataCOMMON 0756   start_initialization 0771  
         __pbssCOMMON 007A             init_fetch 0760         __size_of_main 004D  
