

HI-TECH Software PIC LITE Macro Assembler V9.81 build 7503 
                                                                                               Fri Aug 17 10:47:16 2018

HI-TECH Software Omniscient Code Generator (Lite mode) build 7503
     1  0000                     opt subtitle "HI-TECH Software Omniscient Code Generator (Lite mode) build 7503"
     2                           
     3                           opt pagewidth 120
     4                           
     5                           	opt lm
     6                           
     7                           	processor	16F887
     8                           clrc	macro
     9                           	bcf	3,0
    10  0000                     	endm
    11                           clrz	macro
    12                           	bcf	3,2
    13  0000                     	endm
    14                           setc	macro
    15                           	bsf	3,0
    16  0000                     	endm
    17                           setz	macro
    18                           	bsf	3,2
    19  0000                     	endm
    20                           skipc	macro
    21                           	btfss	3,0
    22  0000                     	endm
    23                           skipz	macro
    24                           	btfss	3,2
    25  0000                     	endm
    26                           skipnc	macro
    27                           	btfsc	3,0
    28  0000                     	endm
    29                           skipnz	macro
    30                           	btfsc	3,2
    31  0000                     	endm
    32  0000                     indf	equ	0
    33  0000                     indf0	equ	0
    34  0002                     pc	equ	2
    35  0002                     pcl	equ	2
    36  0003                     status	equ	3
    37  0004                     fsr	equ	4
    38  0004                     fsr0	equ	4
    39  0001                     c	equ	1
    40  0000                     z	equ	0
    41  000A                     pclath	equ	10
    42                           	FNROOT	_main
    43                           	global	_PORTA
    44                           psect	maintext,global,class=CODE,delta=2
    45                           global __pmaintext
    46  07DA                     __pmaintext:
    47  0005                     _PORTA	set	5
    48                           	global	_PORTC
    49  0007                     _PORTC	set	7
    50                           	global	_RA0
    51  0028                     _RA0	set	40
    52                           	global	_RC0
    53  0038                     _RC0	set	56
    54                           	global	_TRISA
    55  0085                     _TRISA	set	133
    56                           	global	_TRISC
    57  0087                     _TRISC	set	135
    58                           	global	_ANSEL
    59  0188                     _ANSEL	set	392
    60                           	global	_ANSELH
    61  0189                     _ANSELH	set	393
    62                           	file	"1led.as"
    63                           	line	#
    64                           psect cinit,class=CODE,delta=2
    65                           global start_initialization
    66  07D6                     start_initialization:
    67                           
    68                           psect cinit,class=CODE,delta=2
    69                           global end_of_initialization
    70                           
    71                           ;End of C runtime variable initialization code
    72                           
    73  07D6                     end_of_initialization:
    74  07D6  0183               clrf status
    75  07D7  120A  118A  2FDA   ljmp _main	;jump to C main() function
    76                           psect	cstackCOMMON,class=COMMON,space=1
    77                           global __pcstackCOMMON
    78  0000                     __pcstackCOMMON:
    79                           	global	?_main
    80  0000                     ?_main:	; 0 bytes @ 0x0
    81                           	global	??_main
    82  0000                     ??_main:	; 0 bytes @ 0x0
    83 ;;Data sizes: Strings 0, constant 0, data 0, bss 0, persistent 0 stack 0
    84 ;;Auto spaces:   Size  Autos    Used
    85 ;; COMMON          14      0       0
    86 ;; BANK0           80      0       0
    87 ;; BANK1           80      0       0
    88 ;; BANK3           96      0       0
    89 ;; BANK2           96      0       0
    90                           
    91 ;;
    92 ;; Pointer list with targets:
    93                           
    94                           
    95                           
    96 ;;
    97 ;; Critical Paths under _main in COMMON
    98 ;;
    99 ;;   None.
   100 ;;
   101 ;; Critical Paths under _main in BANK0
   102 ;;
   103 ;;   None.
   104 ;;
   105 ;; Critical Paths under _main in BANK1
   106 ;;
   107 ;;   None.
   108 ;;
   109 ;; Critical Paths under _main in BANK3
   110 ;;
   111 ;;   None.
   112 ;;
   113 ;; Critical Paths under _main in BANK2
   114 ;;
   115 ;;   None.
   116                           
   117 ;;
   118 ;;Main: autosize = 0, tempsize = 0, incstack = 0, save=0
   119 ;;
   120                           
   121 ;;
   122 ;;Call Graph Tables:
   123 ;;
   124 ;; ---------------------------------------------------------------------------------
   125 ;; (Depth) Function   	        Calls       Base Space   Used Autos Params    Refs
   126 ;; ---------------------------------------------------------------------------------
   127 ;; (0) _main                                                 0     0      0       0
   128 ;; ---------------------------------------------------------------------------------
   129 ;; Estimated maximum stack depth 0
   130 ;; ---------------------------------------------------------------------------------
   131                           
   132 ;; Call Graph Graphs:
   133                           
   134 ;; _main (ROOT)
   135 ;;
   136                           
   137 ;; Address spaces:
   138                           
   139 ;;Name               Size   Autos  Total    Cost      Usage
   140 ;;BITCOMMON            E      0       0       0        0.0%
   141 ;;EEDATA             100      0       0       0        0.0%
   142 ;;NULL                 0      0       0       0        0.0%
   143 ;;CODE                 0      0       0       0        0.0%
   144 ;;COMMON               E      0       0       1        0.0%
   145 ;;BITSFR0              0      0       0       1        0.0%
   146 ;;SFR0                 0      0       0       1        0.0%
   147 ;;BITSFR1              0      0       0       2        0.0%
   148 ;;SFR1                 0      0       0       2        0.0%
   149 ;;STACK                0      0       0       2        0.0%
   150 ;;ABS                  0      0       0       3        0.0%
   151 ;;BITBANK0            50      0       0       4        0.0%
   152 ;;BITSFR3              0      0       0       4        0.0%
   153 ;;SFR3                 0      0       0       4        0.0%
   154 ;;BANK0               50      0       0       5        0.0%
   155 ;;BITSFR2              0      0       0       5        0.0%
   156 ;;SFR2                 0      0       0       5        0.0%
   157 ;;BITBANK1            50      0       0       6        0.0%
   158 ;;BANK1               50      0       0       7        0.0%
   159 ;;BITBANK3            60      0       0       8        0.0%
   160 ;;BANK3               60      0       0       9        0.0%
   161 ;;BITBANK2            60      0       0      10        0.0%
   162 ;;BANK2               60      0       0      11        0.0%
   163 ;;DATA                 0      0       0      12        0.0%
   164                           
   165                           	global	_main
   166                           psect	maintext
   167                           
   168 ;; *************** function _main *****************
   169 ;; Defined at:
   170 ;;		line 6 in file "D:\pic\programs\PIC16f887\led\1led\1led.c"
   171 ;; Parameters:    Size  Location     Type
   172 ;;		None
   173 ;; Auto vars:     Size  Location     Type
   174 ;;		None
   175 ;; Return value:  Size  Location     Type
   176 ;;		None               void
   177 ;; Registers used:
   178 ;;		wreg, status,2
   179 ;; Tracked objects:
   180 ;;		On entry : 17F/0
   181 ;;		On exit  : 0/0
   182 ;;		Unchanged: 0/0
   183 ;; Data sizes:     COMMON   BANK0   BANK1   BANK3   BANK2
   184 ;;      Params:         0       0       0       0       0
   185 ;;      Locals:         0       0       0       0       0
   186 ;;      Temps:          0       0       0       0       0
   187 ;;      Totals:         0       0       0       0       0
   188 ;;Total ram usage:        0 bytes
   189 ;; This function calls:
   190 ;;		Nothing
   191 ;; This function is called by:
   192 ;;		Startup code after reset
   193 ;; This function uses a non-reentrant model
   194 ;;
   195                           psect	maintext
   196                           	file	"D:\pic\programs\PIC16f887\led\1led\1led.c"
   197                           	line	6
   198                           	global	__size_of_main
   199  0026                     	__size_of_main	equ	__end_of_main-_main
   200                           	
   201  07DA                     _main:	
   202                           	opt	stack 8
   203                           ; Regs used in _main: [wreg+status,2]
   204                           	line	7
   205                           	
   206  07DA                     l1405:	
   207                           ;1led.c: 7: TRISA=0x00;
   208  07DA  1683               	bsf	status, 5	;RP0=1, select bank1
   209  07DB  1303               	bcf	status, 6	;RP1=0, select bank1
   210  07DC  0185               	clrf	(133)^080h	;volatile
   211                           	line	8
   212                           	
   213  07DD                     l1407:	
   214                           ;1led.c: 8: TRISC=0x01;
   215  07DD  3001               	movlw	(01h)
   216  07DE  0087               	movwf	(135)^080h	;volatile
   217                           	line	9
   218                           	
   219  07DF                     l1409:	
   220                           ;1led.c: 9: ANSEL=ANSELH=0;
   221  07DF  1683               	bsf	status, 5	;RP0=1, select bank3
   222  07E0  1703               	bsf	status, 6	;RP1=1, select bank3
   223  07E1  0189               	clrf	(393)^0180h	;volatile
   224  07E2  0188               	clrf	(392)^0180h	;volatile
   225                           	line	10
   226                           	
   227  07E3                     l1411:	
   228                           ;1led.c: 10: PORTA=0;
   229  07E3  1283               	bcf	status, 5	;RP0=0, select bank0
   230  07E4  1303               	bcf	status, 6	;RP1=0, select bank0
   231  07E5  0185               	clrf	(5)	;volatile
   232                           	line	11
   233                           	
   234  07E6                     l1413:	
   235                           ;1led.c: 11: PORTC=0;
   236  07E6  0187               	clrf	(7)	;volatile
   237  07E7  2FE9               	goto	l1026
   238                           	line	12
   239                           ;1led.c: 12: while(1)
   240                           	
   241  07E8                     l1025:	
   242                           	line	14
   243                           ;1led.c: 13: {
   244                           ;1led.c: 14: while(RC0==0);
   245  07E8  2FE9               	goto	l1026
   246                           	
   247  07E9                     l1027:	
   248                           	
   249  07E9                     l1026:	
   250  07E9  1C07               	btfss	(56/8),(56)&7
   251  07EA  2FEC               	goto	u11
   252  07EB  2FED               	goto	u10
   253  07EC                     u11:
   254  07EC  2FE9               	goto	l1026
   255  07ED                     u10:
   256                           	
   257  07ED                     l1028:	
   258                           	line	15
   259                           ;1led.c: 15: if(RA0==0)
   260  07ED  1805               	btfsc	(40/8),(40)&7
   261  07EE  2FF0               	goto	u21
   262  07EF  2FF1               	goto	u20
   263  07F0                     u21:
   264  07F0  2FF3               	goto	l1029
   265  07F1                     u20:
   266                           	line	16
   267                           	
   268  07F1                     l1415:	
   269                           ;1led.c: 16: RA0=1;
   270  07F1  1405               	bsf	(40/8),(40)&7
   271  07F2  2FF6               	goto	l1031
   272                           	line	17
   273                           	
   274  07F3                     l1029:	
   275                           	line	18
   276                           ;1led.c: 17: else
   277                           ;1led.c: 18: RA0=0;
   278  07F3  1005               	bcf	(40/8),(40)&7
   279  07F4  2FF6               	goto	l1031
   280                           	
   281  07F5                     l1030:	
   282                           	line	19
   283                           ;1led.c: 19: while(RC0==1);
   284  07F5  2FF6               	goto	l1031
   285                           	
   286  07F6                     l1032:	
   287                           	
   288  07F6                     l1031:	
   289  07F6  1807               	btfsc	(56/8),(56)&7
   290  07F7  2FF9               	goto	u31
   291  07F8  2FFA               	goto	u30
   292  07F9                     u31:
   293  07F9  2FF6               	goto	l1031
   294  07FA                     u30:
   295  07FA  2FE9               	goto	l1026
   296                           	
   297  07FB                     l1033:	
   298  07FB  2FE9               	goto	l1026
   299                           	line	20
   300                           	
   301  07FC                     l1034:	
   302                           	line	12
   303  07FC  2FE9               	goto	l1026
   304                           	
   305  07FD                     l1035:	
   306                           	line	21
   307                           	
   308  07FD                     l1036:	
   309                           	global	start
   310  07FD  120A  118A  2800   	ljmp	start
   311                           	opt stack 0
   312                           GLOBAL	__end_of_main
   313  0800                     	__end_of_main:
   314 ;; =============== function _main ends ============
   315                           
   316                           	signat	_main,88
   317                           psect	maintext
   318                           	global	btemp
   319  007E                     	btemp set 07Eh
   320                           
   321                           	DABS	1,126,2	;btemp
   322                           	global	wtemp0
   323  007E                     	wtemp0 set btemp


HI-TECH Software PICC Macro Assembler V9.81 build 7503 
Symbol Table                                                                                   Fri Aug 17 10:47:16 2018

                  u10 07ED                    u11 07EC                    u20 07F1                    u21 07F0  
                  u30 07FA                    u31 07F9                   _RA0 0028                   _RC0 0038  
                l1030 07F5                  l1031 07F6                  l1032 07F6                  l1033 07FB  
                l1025 07E8                  l1034 07FC                  l1026 07E9                  l1035 07FD  
                l1027 07E9                  l1036 07FD                  l1028 07ED                  l1029 07F3  
                l1411 07E3                  l1413 07E6                  l1405 07DA                  l1415 07F1  
                l1407 07DD                  l1409 07DF                  _main 07DA                  btemp 007E  
                start 0000                 ?_main 0000                 _ANSEL 0188                 _PORTA 0005  
               _PORTC 0007                 _TRISA 0085                 _TRISC 0087                 status 0003  
               wtemp0 007E          __end_of_main 0800                ??_main 0000                _ANSELH 0189  
      __pcstackCOMMON 0000            __pmaintext 07DA  end_of_initialization 07D6   start_initialization 07D6  
       __size_of_main 0026  
