

HI-TECH Software PIC LITE Macro Assembler V9.81 build 7503 
                                                                                               Thu Jan 11 18:11:56 2024

HI-TECH Software Omniscient Code Generator (Lite mode) build 7503
     1  0000                     opt subtitle "HI-TECH Software Omniscient Code Generator (Lite mode) build 7503"
     2                           
     3                           opt pagewidth 120
     4                           
     5                           	opt lm
     6                           
     7                           	processor	16F887
     8                           clrc	macro
     9                           	bcf	3,0
    10  0000                     	endm
    11                           clrz	macro
    12                           	bcf	3,2
    13  0000                     	endm
    14                           setc	macro
    15                           	bsf	3,0
    16  0000                     	endm
    17                           setz	macro
    18                           	bsf	3,2
    19  0000                     	endm
    20                           skipc	macro
    21                           	btfss	3,0
    22  0000                     	endm
    23                           skipz	macro
    24                           	btfss	3,2
    25  0000                     	endm
    26                           skipnc	macro
    27                           	btfsc	3,0
    28  0000                     	endm
    29                           skipnz	macro
    30                           	btfsc	3,2
    31  0000                     	endm
    32  0000                     indf	equ	0
    33  0000                     indf0	equ	0
    34  0002                     pc	equ	2
    35  0002                     pcl	equ	2
    36  0003                     status	equ	3
    37  0004                     fsr	equ	4
    38  0004                     fsr0	equ	4
    39  0001                     c	equ	1
    40  0000                     z	equ	0
    41  000A                     pclath	equ	10
    42                           	FNROOT	_main
    43                           	global	_PORTA
    44                           psect	maintext,global,class=CODE,delta=2
    45                           global __pmaintext
    46  0757                     __pmaintext:
    47  0005                     _PORTA	set	5
    48                           	global	_PORTC
    49  0007                     _PORTC	set	7
    50                           	global	_RC0
    51  0038                     _RC0	set	56
    52                           	global	_RC1
    53  0039                     _RC1	set	57
    54                           	global	_TRISA
    55  0085                     _TRISA	set	133
    56                           	global	_TRISC
    57  0087                     _TRISC	set	135
    58                           	global	_ANSEL
    59  0188                     _ANSEL	set	392
    60                           	global	_ANSELH
    61  0189                     _ANSELH	set	393
    62                           	file	"8led.as"
    63                           	line	#
    64                           psect cinit,class=CODE,delta=2
    65                           global start_initialization
    66  0753                     start_initialization:
    67                           
    68                           psect cinit,class=CODE,delta=2
    69                           global end_of_initialization
    70                           
    71                           ;End of C runtime variable initialization code
    72                           
    73  0753                     end_of_initialization:
    74  0753  0183               clrf status
    75  0754  120A  118A  2F57   ljmp _main	;jump to C main() function
    76                           psect	cstackCOMMON,class=COMMON,space=1
    77                           global __pcstackCOMMON
    78  0070                     __pcstackCOMMON:
    79                           	global	?_main
    80  0070                     ?_main:	; 0 bytes @ 0x0
    81                           	global	??_main
    82  0070                     ??_main:	; 0 bytes @ 0x0
    83  0070                     	ds	3
    84                           	global	main@get
    85  0073                     main@get:	; 1 bytes @ 0x3
    86  0073                     	ds	1
    87                           	global	main@move
    88  0074                     main@move:	; 1 bytes @ 0x4
    89  0074                     	ds	1
    90                           	global	main@i
    91  0075                     main@i:	; 1 bytes @ 0x5
    92  0075                     	ds	1
    93 ;;Data sizes: Strings 0, constant 0, data 0, bss 0, persistent 0 stack 0
    94 ;;Auto spaces:   Size  Autos    Used
    95 ;; COMMON          14      6       6
    96 ;; BANK0           80      0       0
    97 ;; BANK1           80      0       0
    98 ;; BANK3           96      0       0
    99 ;; BANK2           96      0       0
   100                           
   101 ;;
   102 ;; Pointer list with targets:
   103                           
   104                           
   105                           
   106 ;;
   107 ;; Critical Paths under _main in COMMON
   108 ;;
   109 ;;   None.
   110 ;;
   111 ;; Critical Paths under _main in BANK0
   112 ;;
   113 ;;   None.
   114 ;;
   115 ;; Critical Paths under _main in BANK1
   116 ;;
   117 ;;   None.
   118 ;;
   119 ;; Critical Paths under _main in BANK3
   120 ;;
   121 ;;   None.
   122 ;;
   123 ;; Critical Paths under _main in BANK2
   124 ;;
   125 ;;   None.
   126                           
   127 ;;
   128 ;;Main: autosize = 0, tempsize = 3, incstack = 0, save=0
   129 ;;
   130                           
   131 ;;
   132 ;;Call Graph Tables:
   133 ;;
   134 ;; ---------------------------------------------------------------------------------
   135 ;; (Depth) Function   	        Calls       Base Space   Used Autos Params    Refs
   136 ;; ---------------------------------------------------------------------------------
   137 ;; (0) _main                                                 6     6      0     150
   138 ;;                                              0 COMMON     6     6      0
   139 ;; ---------------------------------------------------------------------------------
   140 ;; Estimated maximum stack depth 0
   141 ;; ---------------------------------------------------------------------------------
   142                           
   143 ;; Call Graph Graphs:
   144                           
   145 ;; _main (ROOT)
   146 ;;
   147                           
   148 ;; Address spaces:
   149                           
   150 ;;Name               Size   Autos  Total    Cost      Usage
   151 ;;BITCOMMON            E      0       0       0        0.0%
   152 ;;EEDATA             100      0       0       0        0.0%
   153 ;;NULL                 0      0       0       0        0.0%
   154 ;;CODE                 0      0       0       0        0.0%
   155 ;;COMMON               E      6       6       1       42.9%
   156 ;;BITSFR0              0      0       0       1        0.0%
   157 ;;SFR0                 0      0       0       1        0.0%
   158 ;;BITSFR1              0      0       0       2        0.0%
   159 ;;SFR1                 0      0       0       2        0.0%
   160 ;;STACK                0      0       0       2        0.0%
   161 ;;ABS                  0      0       0       3        0.0%
   162 ;;BITBANK0            50      0       0       4        0.0%
   163 ;;BITSFR3              0      0       0       4        0.0%
   164 ;;SFR3                 0      0       0       4        0.0%
   165 ;;BANK0               50      0       0       5        0.0%
   166 ;;BITSFR2              0      0       0       5        0.0%
   167 ;;SFR2                 0      0       0       5        0.0%
   168 ;;BITBANK1            50      0       0       6        0.0%
   169 ;;BANK1               50      0       0       7        0.0%
   170 ;;BITBANK3            60      0       0       8        0.0%
   171 ;;BANK3               60      0       0       9        0.0%
   172 ;;BITBANK2            60      0       0      10        0.0%
   173 ;;BANK2               60      0       0      11        0.0%
   174 ;;DATA                 0      0       0      12        0.0%
   175                           
   176                           	global	_main
   177                           psect	maintext
   178                           
   179 ;; *************** function _main *****************
   180 ;; Defined at:
   181 ;;		line 8 in file "D:\pic\PIC programs\PIC16f887\led\8led\8led.c"
   182 ;; Parameters:    Size  Location     Type
   183 ;;		None
   184 ;; Auto vars:     Size  Location     Type
   185 ;;  i               1    5[COMMON] unsigned char 
   186 ;;  move            1    4[COMMON] unsigned char 
   187 ;;  get             1    3[COMMON] unsigned char 
   188 ;; Return value:  Size  Location     Type
   189 ;;		None               void
   190 ;; Registers used:
   191 ;;		wreg, status,2, status,0
   192 ;; Tracked objects:
   193 ;;		On entry : 17F/0
   194 ;;		On exit  : 0/0
   195 ;;		Unchanged: 0/0
   196 ;; Data sizes:     COMMON   BANK0   BANK1   BANK3   BANK2
   197 ;;      Params:         0       0       0       0       0
   198 ;;      Locals:         3       0       0       0       0
   199 ;;      Temps:          3       0       0       0       0
   200 ;;      Totals:         6       0       0       0       0
   201 ;;Total ram usage:        6 bytes
   202 ;; This function calls:
   203 ;;		Nothing
   204 ;; This function is called by:
   205 ;;		Startup code after reset
   206 ;; This function uses a non-reentrant model
   207 ;;
   208                           psect	maintext
   209                           	file	"D:\pic\PIC programs\PIC16f887\led\8led\8led.c"
   210                           	line	8
   211                           	global	__size_of_main
   212  00A9                     	__size_of_main	equ	__end_of_main-_main
   213                           	
   214  0757                     _main:	
   215                           	opt	stack 8
   216                           ; Regs used in _main: [wreg+status,2+status,0]
   217                           	line	9
   218                           	
   219  0757                     l2177:	
   220                           ;8led.c: 9: TRISA=0X00;
   221  0757  1683               	bsf	status, 5	;RP0=1, select bank1
   222  0758  1303               	bcf	status, 6	;RP1=0, select bank1
   223  0759  0185               	clrf	(133)^080h	;volatile
   224                           	line	10
   225                           	
   226  075A                     l2179:	
   227                           ;8led.c: 10: TRISC=0x03;
   228  075A  3003               	movlw	(03h)
   229  075B  0087               	movwf	(135)^080h	;volatile
   230                           	line	11
   231                           	
   232  075C                     l2181:	
   233                           ;8led.c: 11: ANSEL=ANSELH=0;
   234  075C  1683               	bsf	status, 5	;RP0=1, select bank3
   235  075D  1703               	bsf	status, 6	;RP1=1, select bank3
   236  075E  0189               	clrf	(393)^0180h	;volatile
   237  075F  0188               	clrf	(392)^0180h	;volatile
   238                           	line	12
   239                           	
   240  0760                     l2183:	
   241                           ;8led.c: 12: PORTA=0;
   242  0760  1283               	bcf	status, 5	;RP0=0, select bank0
   243  0761  1303               	bcf	status, 6	;RP1=0, select bank0
   244  0762  0185               	clrf	(5)	;volatile
   245                           	line	13
   246                           	
   247  0763                     l2185:	
   248                           ;8led.c: 13: PORTC=0;
   249  0763  0187               	clrf	(7)	;volatile
   250                           	line	14
   251                           	
   252  0764                     l2187:	
   253                           ;8led.c: 14: char i=0, move=0x00, get=0x01;
   254  0764  01F5               	clrf	(main@i)
   255                           	
   256  0765                     l2189:	
   257  0765  01F4               	clrf	(main@move)
   258                           	
   259  0766                     l2191:	
   260  0766  01F3               	clrf	(main@get)
   261  0767  1403               	bsf	status,0
   262  0768  0DF3               	rlf	(main@get),f
   263  0769  2F6A               	goto	l2193
   264                           	line	16
   265                           ;8led.c: 16: while(1)
   266                           	
   267  076A                     l1027:	
   268                           	line	18
   269                           	
   270  076A                     l2193:	
   271                           ;8led.c: 17: {
   272                           ;8led.c: 18: move=0x00;get=0x01;
   273  076A  01F4               	clrf	(main@move)
   274                           	
   275  076B                     l2195:	
   276  076B  01F3               	clrf	(main@get)
   277  076C  1403               	bsf	status,0
   278  076D  0DF3               	rlf	(main@get),f
   279                           	line	19
   280                           ;8led.c: 19: while(RC0==0);
   281  076E  2F6F               	goto	l1028
   282                           	
   283  076F                     l1029:	
   284                           	
   285  076F                     l1028:	
   286  076F  1283               	bcf	status, 5	;RP0=0, select bank0
   287  0770  1303               	bcf	status, 6	;RP1=0, select bank0
   288  0771  1C07               	btfss	(56/8),(56)&7
   289  0772  2F74               	goto	u2141
   290  0773  2F75               	goto	u2140
   291  0774                     u2141:
   292  0774  2F6F               	goto	l1028
   293  0775                     u2140:
   294  0775  2F76               	goto	l2197
   295                           	
   296  0776                     l1030:	
   297                           	line	20
   298                           	
   299  0776                     l2197:	
   300                           ;8led.c: 20: PORTA=0x00;
   301  0776  0185               	clrf	(5)	;volatile
   302                           	line	21
   303                           	
   304  0777                     l2199:	
   305                           ;8led.c: 21: if(PORTA==0x00)
   306  0777  0885               	movf	(5),f
   307  0778  1D03               	skipz	;volatile
   308  0779  2F7B               	goto	u2151
   309  077A  2F7C               	goto	u2150
   310  077B                     u2151:
   311  077B  2FB2               	goto	l1034
   312  077C                     u2150:
   313                           	line	23
   314                           	
   315  077C                     l2201:	
   316                           ;8led.c: 22: {
   317                           ;8led.c: 23: for(i=0; i<9; i++)
   318  077C  01F5               	clrf	(main@i)
   319                           	
   320  077D                     l2203:	
   321  077D  3009               	movlw	(09h)
   322  077E  0275               	subwf	(main@i),w
   323  077F  1C03               	skipc
   324  0780  2F82               	goto	u2161
   325  0781  2F83               	goto	u2160
   326  0782                     u2161:
   327  0782  2F85               	goto	l2207
   328  0783                     u2160:
   329  0783  2FB2               	goto	l1034
   330                           	
   331  0784                     l2205:	
   332  0784  2FB2               	goto	l1034
   333                           	line	24
   334                           	
   335  0785                     l1032:	
   336                           	line	25
   337                           	
   338  0785                     l2207:	
   339                           ;8led.c: 24: {
   340                           ;8led.c: 25: move = get << i;
   341  0785  0873               	movf	(main@get),w
   342  0786  00F0               	movwf	(??_main+0)+0
   343  0787  0A75               	incf	(main@i),w
   344  0788  2F8B               	goto	u2174
   345  0789                     u2175:
   346  0789  1003               	clrc
   347  078A  0DF0               	rlf	(??_main+0)+0,f
   348  078B                     u2174:
   349  078B  3EFF               	addlw	-1
   350  078C  1D03               	skipz
   351  078D  2F89               	goto	u2175
   352  078E  0870               	movf	0+(??_main+0)+0,w
   353  078F  00F1               	movwf	(??_main+1)+0
   354  0790  0871               	movf	(??_main+1)+0,w
   355  0791  00F4               	movwf	(main@move)
   356                           	line	26
   357                           ;8led.c: 26: PORTA |= move;
   358  0792  0874               	movf	(main@move),w
   359  0793  00F0               	movwf	(??_main+0)+0
   360  0794  0870               	movf	(??_main+0)+0,w
   361  0795  1283               	bcf	status, 5	;RP0=0, select bank0
   362  0796  1303               	bcf	status, 6	;RP1=0, select bank0
   363  0797  0485               	iorwf	(5),f	;volatile
   364                           	line	27
   365                           	
   366  0798                     l2209:	
   367                           ;8led.c: 27: _delay((unsigned long)((250)*(4000000/4000.0)));
   368                           	opt asmopt_off
   369  0798  3002               movlw  2
   370  0799  00F2               movwf	((??_main+0)+0+2),f
   371  079A  3044               movlw	68
   372  079B  00F1               movwf	((??_main+0)+0+1),f
   373  079C  30A9               	movlw	169
   374  079D  00F0               movwf	((??_main+0)+0),f
   375  079E                     u2247:
   376  079E  0BF0               	decfsz	((??_main+0)+0),f
   377  079F  2F9E               	goto	u2247
   378  07A0  0BF1               	decfsz	((??_main+0)+0+1),f
   379  07A1  2F9E               	goto	u2247
   380  07A2  0BF2               	decfsz	((??_main+0)+0+2),f
   381  07A3  2F9E               	goto	u2247
   382  07A4  0064               	clrwdt
   383                           opt asmopt_on
   384                           
   385                           	line	23
   386                           	
   387  07A5                     l2211:	
   388  07A5  3001               	movlw	(01h)
   389  07A6  00F0               	movwf	(??_main+0)+0
   390  07A7  0870               	movf	(??_main+0)+0,w
   391  07A8  07F5               	addwf	(main@i),f
   392  07A9  3009               	movlw	(09h)
   393  07AA  0275               	subwf	(main@i),w
   394  07AB  1C03               	skipc
   395  07AC  2FAE               	goto	u2181
   396  07AD  2FAF               	goto	u2180
   397  07AE                     u2181:
   398  07AE  2F85               	goto	l2207
   399  07AF                     u2180:
   400  07AF  2FB2               	goto	l1034
   401                           	
   402  07B0                     l1033:	
   403  07B0  2FB2               	goto	l1034
   404                           	line	29
   405                           	
   406  07B1                     l1031:	
   407                           	line	30
   408                           ;8led.c: 28: }
   409                           ;8led.c: 29: }
   410                           ;8led.c: 30: while(RC1==0);
   411  07B1  2FB2               	goto	l1034
   412                           	
   413  07B2                     l1035:	
   414                           	
   415  07B2                     l1034:	
   416  07B2  1283               	bcf	status, 5	;RP0=0, select bank0
   417  07B3  1303               	bcf	status, 6	;RP1=0, select bank0
   418  07B4  1C87               	btfss	(57/8),(57)&7
   419  07B5  2FB7               	goto	u2191
   420  07B6  2FB8               	goto	u2190
   421  07B7                     u2191:
   422  07B7  2FB2               	goto	l1034
   423  07B8                     u2190:
   424  07B8  2FB9               	goto	l2213
   425                           	
   426  07B9                     l1036:	
   427                           	line	31
   428                           	
   429  07B9                     l2213:	
   430                           ;8led.c: 31: if(PORTA==0xff)
   431  07B9  0805               	movf	(5),w	;volatile
   432  07BA  3AFF               	xorlw	0FFh
   433  07BB  1D03               	skipz
   434  07BC  2FBE               	goto	u2201
   435  07BD  2FBF               	goto	u2200
   436  07BE                     u2201:
   437  07BE  2F6A               	goto	l2193
   438  07BF                     u2200:
   439                           	line	33
   440                           	
   441  07BF                     l2215:	
   442                           ;8led.c: 32: {
   443                           ;8led.c: 33: get=0xff;
   444  07BF  30FF               	movlw	(0FFh)
   445  07C0  00F0               	movwf	(??_main+0)+0
   446  07C1  0870               	movf	(??_main+0)+0,w
   447  07C2  00F3               	movwf	(main@get)
   448                           	line	34
   449                           	
   450  07C3                     l2217:	
   451                           ;8led.c: 34: move=0x00;
   452  07C3  01F4               	clrf	(main@move)
   453                           	line	35
   454                           	
   455  07C4                     l2219:	
   456                           ;8led.c: 35: for(i=1; i<9; i++)
   457  07C4  01F5               	clrf	(main@i)
   458  07C5  1403               	bsf	status,0
   459  07C6  0DF5               	rlf	(main@i),f
   460                           	
   461  07C7                     l2221:	
   462  07C7  3009               	movlw	(09h)
   463  07C8  0275               	subwf	(main@i),w
   464  07C9  1C03               	skipc
   465  07CA  2FCC               	goto	u2211
   466  07CB  2FCD               	goto	u2210
   467  07CC                     u2211:
   468  07CC  2FCF               	goto	l2225
   469  07CD                     u2210:
   470  07CD  2F6A               	goto	l2193
   471                           	
   472  07CE                     l2223:	
   473  07CE  2F6A               	goto	l2193
   474                           	line	36
   475                           	
   476  07CF                     l1038:	
   477                           	line	37
   478                           	
   479  07CF                     l2225:	
   480                           ;8led.c: 36: {
   481                           ;8led.c: 37: move= get >>i;
   482  07CF  0873               	movf	(main@get),w
   483  07D0  00F0               	movwf	(??_main+0)+0
   484  07D1  0A75               	incf	(main@i),w
   485  07D2  2FD5               	goto	u2224
   486  07D3                     u2225:
   487  07D3  1003               	clrc
   488  07D4  0CF0               	rrf	(??_main+0)+0,f
   489  07D5                     u2224:
   490  07D5  3EFF               	addlw	-1
   491  07D6  1D03               	skipz
   492  07D7  2FD3               	goto	u2225
   493  07D8  0870               	movf	0+(??_main+0)+0,w
   494  07D9  00F1               	movwf	(??_main+1)+0
   495  07DA  0871               	movf	(??_main+1)+0,w
   496  07DB  00F4               	movwf	(main@move)
   497                           	line	38
   498                           ;8led.c: 38: PORTA &= move;
   499  07DC  0874               	movf	(main@move),w
   500  07DD  00F0               	movwf	(??_main+0)+0
   501  07DE  0870               	movf	(??_main+0)+0,w
   502  07DF  1283               	bcf	status, 5	;RP0=0, select bank0
   503  07E0  1303               	bcf	status, 6	;RP1=0, select bank0
   504  07E1  0585               	andwf	(5),f	;volatile
   505                           	line	39
   506                           	
   507  07E2                     l2227:	
   508                           ;8led.c: 39: _delay((unsigned long)((250)*(4000000/4000.0)));
   509                           	opt asmopt_off
   510  07E2  3002               movlw  2
   511  07E3  00F2               movwf	((??_main+0)+0+2),f
   512  07E4  3044               movlw	68
   513  07E5  00F1               movwf	((??_main+0)+0+1),f
   514  07E6  30A9               	movlw	169
   515  07E7  00F0               movwf	((??_main+0)+0),f
   516  07E8                     u2257:
   517  07E8  0BF0               	decfsz	((??_main+0)+0),f
   518  07E9  2FE8               	goto	u2257
   519  07EA  0BF1               	decfsz	((??_main+0)+0+1),f
   520  07EB  2FE8               	goto	u2257
   521  07EC  0BF2               	decfsz	((??_main+0)+0+2),f
   522  07ED  2FE8               	goto	u2257
   523  07EE  0064               	clrwdt
   524                           opt asmopt_on
   525                           
   526                           	line	35
   527                           	
   528  07EF                     l2229:	
   529  07EF  3001               	movlw	(01h)
   530  07F0  00F0               	movwf	(??_main+0)+0
   531  07F1  0870               	movf	(??_main+0)+0,w
   532  07F2  07F5               	addwf	(main@i),f
   533  07F3  3009               	movlw	(09h)
   534  07F4  0275               	subwf	(main@i),w
   535  07F5  1C03               	skipc
   536  07F6  2FF8               	goto	u2231
   537  07F7  2FF9               	goto	u2230
   538  07F8                     u2231:
   539  07F8  2FCF               	goto	l2225
   540  07F9                     u2230:
   541  07F9  2F6A               	goto	l2193
   542                           	
   543  07FA                     l1039:	
   544  07FA  2F6A               	goto	l2193
   545                           	line	41
   546                           	
   547  07FB                     l1037:	
   548  07FB  2F6A               	goto	l2193
   549                           	line	43
   550                           	
   551  07FC                     l1040:	
   552                           	line	16
   553  07FC  2F6A               	goto	l2193
   554                           	
   555  07FD                     l1041:	
   556                           	line	44
   557                           	
   558  07FD                     l1042:	
   559                           	global	start
   560  07FD  120A  118A  2800   	ljmp	start
   561                           	opt stack 0
   562                           GLOBAL	__end_of_main
   563  0800                     	__end_of_main:
   564 ;; =============== function _main ends ============
   565                           
   566                           	signat	_main,88
   567                           psect	maintext
   568                           	global	btemp
   569  007E                     	btemp set 07Eh
   570                           
   571                           	DABS	1,126,2	;btemp
   572                           	global	wtemp0
   573  007E                     	wtemp0 set btemp


HI-TECH Software PICC Macro Assembler V9.81 build 7503 
Symbol Table                                                                                   Thu Jan 11 18:11:56 2024

                 _RC0 0038                   _RC1 0039                  l1030 0776                  l1031 07B1  
                l1040 07FC                  l1032 0785                  l1041 07FD                  l1033 07B0  
                l1042 07FD                  l1034 07B2                  l1035 07B2                  l1027 076A  
                l1036 07B9                  l1028 076F                  l1037 07FB                  l1029 076F  
                l1038 07CF                  l1039 07FA                  l2201 077C                  l2211 07A5  
                l2203 077D                  l2221 07C7                  l2213 07B9                  l2205 0784  
                l2223 07CE                  l2215 07BF                  l2207 0785                  l2225 07CF  
                l2217 07C3                  l2209 0798                  l2227 07E2                  l2219 07C4  
                l2229 07EF                  l2181 075C                  l2191 0766                  l2183 0760  
                l2193 076A                  l2185 0763                  l2177 0757                  l2195 076B  
                l2187 0764                  l2179 075A                  l2197 0776                  l2189 0765  
                l2199 0777                  u2200 07BF                  u2201 07BE                  u2210 07CD  
                u2211 07CC                  u2140 0775                  u2141 0774                  u2230 07F9  
                u2150 077C                  u2231 07F8                  u2151 077B                  u2224 07D5  
                u2160 0783                  u2225 07D3                  u2161 0782                  u2180 07AF  
                u2181 07AE                  u2190 07B8                  u2174 078B                  u2191 07B7  
                u2247 079E                  u2175 0789                  u2257 07E8                  _main 0757  
                btemp 007E                  start 0000                 ?_main 0070                 _ANSEL 0188  
               _PORTA 0005                 _PORTC 0007                 _TRISA 0085                 _TRISC 0087  
               main@i 0075                 status 0003                 wtemp0 007E          __end_of_main 0800  
              ??_main 0070                _ANSELH 0189        __pcstackCOMMON 0070            __pmaintext 0757  
             main@get 0073  end_of_initialization 0753   start_initialization 0753         __size_of_main 00A9  
            main@move 0074  
